<?xml version="1.0" encoding="UTF-8"?>
<!-- Generated by org.testng.reporters.JUnitReportReporter -->
<testsuite hostname="DESKTOP-7HN9BOS" failures="0" tests="3" name="TestNG.Sanity$smoke" time="0.011" errors="0" timestamp="2024-02-15T12:21:10 IST" skipped="0">
  <testcase classname="TestNG.Sanity$smoke" name="main1" time="0.007"/>
  <system-out/>
  <testcase classname="TestNG.Sanity$smoke" name="main4" time="0.003"/>
  <system-out/>
  <testcase classname="TestNG.Sanity$smoke" name="main2" time="0.001"/>
  <system-out/>
</testsuite> <!-- TestNG.Sanity$smoke -->
