<?xml version="1.0" encoding="UTF-8"?>
<!-- Generated by org.testng.reporters.JUnitReportReporter -->
<testsuite hostname="DESKTOP-7HN9BOS" failures="0" tests="1" name="TestNG.Assignment_hy" time="7.204" errors="0" timestamp="2024-02-22T12:45:27 IST" skipped="0">
  <testcase classname="TestNG.Assignment_hy" name="test1" time="7.204"/>
  <system-out/>
</testsuite> <!-- TestNG.Assignment_hy -->
