<?xml version="1.0" encoding="UTF-8"?>
<!-- Generated by org.testng.reporters.JUnitReportReporter -->
<testsuite hostname="DESKTOP-7HN9BOS" failures="0" tests="1" name="Test.Fblogintest" time="1.116" errors="0" timestamp="2024-02-27T12:35:11 IST" skipped="0">
  <testcase classname="Test.Fblogintest" name="test" time="1.116"/>
  <system-out/>
</testsuite> <!-- Test.Fblogintest -->
