<?xml version="1.0" encoding="UTF-8"?>
<!-- Generated by org.testng.reporters.JUnitReportReporter -->
<testsuite hostname="DESKTOP-7HN9BOS" failures="0" tests="4" name="TestNG.Demo_2NG" time="0.019" errors="0" timestamp="2024-02-14T13:02:20 IST" skipped="0">
  <testcase classname="TestNG.Demo_2NG" name="test3" time="0.006"/>
  <system-out/>
  <testcase classname="TestNG.Demo_2NG" name="test2" time="0.006"/>
  <system-out/>
  <testcase classname="TestNG.Demo_2NG" name="test2" time="0.003"/>
  <system-out/>
  <testcase classname="TestNG.Demo_2NG" name="test1" time="0.004"/>
  <system-out/>
</testsuite> <!-- TestNG.Demo_2NG -->
