<?xml version="1.0" encoding="UTF-8"?>
<!-- Generated by org.testng.reporters.JUnitReportReporter -->
<testsuite hostname="DESKTOP-7HN9BOS" failures="0" tests="1" name="Test.demotest" time="2.887" errors="0" timestamp="2024-02-29T13:36:15 IST" skipped="0">
  <testcase classname="Test.demotest" name="test" time="2.887"/>
  <system-out/>
</testsuite> <!-- Test.demotest -->
