<?xml version="1.0" encoding="UTF-8"?>
<!-- Generated by org.testng.reporters.JUnitReportReporter -->
<testsuite hostname="DESKTOP-7HN9BOS" failures="0" tests="3" name="TestNG.Complexsite_crosstesting" time="4.127" errors="0" timestamp="2024-02-16T12:29:20 IST" skipped="0">
  <testcase classname="TestNG.Complexsite_crosstesting" name="test" time="1.917"/>
  <system-out/>
  <testcase classname="TestNG.Complexsite_crosstesting" name="test" time="1.149"/>
  <system-out/>
  <testcase classname="TestNG.Complexsite_crosstesting" name="test" time="1.061"/>
  <system-out/>
</testsuite> <!-- TestNG.Complexsite_crosstesting -->
