<?xml version="1.0" encoding="UTF-8"?>
<!-- Generated by org.testng.reporters.JUnitReportReporter -->
<testsuite hostname="DESKTOP-7HN9BOS" failures="0" tests="1" name="Test.Fblagintest" time="1.263" errors="0" timestamp="2024-02-28T13:28:14 IST" skipped="0">
  <testcase classname="Test.Fblagintest" name="test" time="1.263"/>
  <system-out/>
</testsuite> <!-- Test.Fblagintest -->
