<?xml version="1.0" encoding="UTF-8"?>
<!-- Generated by org.testng.reporters.JUnitReportReporter -->
<testsuite hostname="DESKTOP-7HN9BOS" failures="0" tests="1" name="TestNG.File_uploading" time="4.732" errors="0" timestamp="2024-02-23T13:00:04 IST" skipped="0">
  <testcase classname="TestNG.File_uploading" name="test" time="4.732"/>
  <system-out/>
</testsuite> <!-- TestNG.File_uploading -->
