<?xml version="1.0" encoding="UTF-8"?>
<!-- Generated by org.testng.reporters.JUnitReportReporter -->
<testsuite hostname="DESKTOP-7HN9BOS" failures="0" tests="1" name="TestNG.Parameter" time="0.008" errors="0" timestamp="2024-02-15T12:46:10 IST" skipped="0">
  <testcase classname="TestNG.Parameter" name="setup" time="0.008"/>
  <system-out/>
</testsuite> <!-- TestNG.Parameter -->
