<?xml version="1.0" encoding="UTF-8"?>
<!-- Generated by org.testng.reporters.JUnitReportReporter -->
<testsuite hostname="DESKTOP-7HN9BOS" failures="0" tests="1" name="Test.demzlo" time="2.347" errors="0" timestamp="2024-02-27T13:40:52 IST" skipped="0">
  <testcase classname="Test.demzlo" name="test" time="2.347"/>
  <system-out/>
</testsuite> <!-- Test.demzlo -->
