<?xml version="1.0" encoding="UTF-8"?>
<!-- Generated by org.testng.reporters.JUnitReportReporter -->
<testsuite hostname="DESKTOP-7HN9BOS" failures="0" tests="1" name="TestNG.Datadriven_testing" time="2.002" errors="0" timestamp="2024-02-24T13:05:43 IST" skipped="0">
  <testcase classname="TestNG.Datadriven_testing" name="test" time="2.002"/>
  <system-out/>
</testsuite> <!-- TestNG.Datadriven_testing -->
