<?xml version="1.0" encoding="UTF-8"?>
<!-- Generated by org.testng.reporters.JUnitReportReporter -->
<testsuite hostname="DESKTOP-7HN9BOS" failures="0" tests="3" name="TestNG.NG_demo" time="0.019" errors="0" timestamp="2024-02-22T12:43:46 IST" skipped="0">
  <testcase classname="TestNG.NG_demo" name="test2" time="0.003"/>
  <system-out/>
  <testcase classname="TestNG.NG_demo" name="test3" time="0.006"/>
  <system-out/>
  <testcase classname="TestNG.NG_demo" name="test1" time="0.010"/>
  <system-out/>
</testsuite> <!-- TestNG.NG_demo -->
